2017-02-24 22:07:47.616  INFO 18052 --- [main] c.m.sb.config.EmployeeApiApplication     : Starting EmployeeApiApplication on LAPTOP-OJAJF1PI with PID 18052 (C:\Users\Madan\Documents\workspace-spring\employee-api\target\classes started by Madan in C:\Users\Madan\Documents\workspace-spring\employee-api)
2017-02-24 22:07:47.620  INFO 18052 --- [main] c.m.sb.config.EmployeeApiApplication     : No active profile set, falling back to default profiles: default
2017-02-24 22:07:47.729  INFO 18052 --- [main] ationConfigEmbeddedWebApplicationContext : Refreshing org.springframework.boot.context.embedded.AnnotationConfigEmbeddedWebApplicationContext@473b46c3: startup date [Fri Feb 24 22:07:47 CST 2017]; root of context hierarchy
2017-02-24 22:07:49.499  INFO 18052 --- [main] trationDelegate$BeanPostProcessorChecker : Bean 'org.springframework.boot.autoconfigure.validation.ValidationAutoConfiguration' of type [class org.springframework.boot.autoconfigure.validation.ValidationAutoConfiguration] is not eligible for getting processed by all BeanPostProcessors (for example: not eligible for auto-proxying)
2017-02-24 22:07:49.621  INFO 18052 --- [main] trationDelegate$BeanPostProcessorChecker : Bean 'validator' of type [class org.springframework.validation.beanvalidation.LocalValidatorFactoryBean] is not eligible for getting processed by all BeanPostProcessors (for example: not eligible for auto-proxying)
2017-02-24 22:07:49.678  INFO 18052 --- [main] trationDelegate$BeanPostProcessorChecker : Bean 'org.springframework.transaction.annotation.ProxyTransactionManagementConfiguration' of type [class org.springframework.transaction.annotation.ProxyTransactionManagementConfiguration$$EnhancerBySpringCGLIB$$8588de1] is not eligible for getting processed by all BeanPostProcessors (for example: not eligible for auto-proxying)
2017-02-24 22:07:49.754  INFO 18052 --- [main] trationDelegate$BeanPostProcessorChecker : Bean 'org.springframework.security.config.annotation.configuration.ObjectPostProcessorConfiguration' of type [class org.springframework.security.config.annotation.configuration.ObjectPostProcessorConfiguration$$EnhancerBySpringCGLIB$$a106561b] is not eligible for getting processed by all BeanPostProcessors (for example: not eligible for auto-proxying)
2017-02-24 22:07:49.770  INFO 18052 --- [main] trationDelegate$BeanPostProcessorChecker : Bean 'objectPostProcessor' of type [class org.springframework.security.config.annotation.configuration.AutowireBeanFactoryObjectPostProcessor] is not eligible for getting processed by all BeanPostProcessors (for example: not eligible for auto-proxying)
2017-02-24 22:07:49.779  INFO 18052 --- [main] trationDelegate$BeanPostProcessorChecker : Bean 'org.springframework.security.access.expression.method.DefaultMethodSecurityExpressionHandler@4c4d362a' of type [class org.springframework.security.access.expression.method.DefaultMethodSecurityExpressionHandler] is not eligible for getting processed by all BeanPostProcessors (for example: not eligible for auto-proxying)
2017-02-24 22:07:49.789  INFO 18052 --- [main] trationDelegate$BeanPostProcessorChecker : Bean 'org.springframework.security.config.annotation.method.configuration.GlobalMethodSecurityConfiguration' of type [class org.springframework.security.config.annotation.method.configuration.GlobalMethodSecurityConfiguration$$EnhancerBySpringCGLIB$$c5daf8cd] is not eligible for getting processed by all BeanPostProcessors (for example: not eligible for auto-proxying)
2017-02-24 22:07:49.804  INFO 18052 --- [main] trationDelegate$BeanPostProcessorChecker : Bean 'methodSecurityMetadataSource' of type [class org.springframework.security.access.method.DelegatingMethodSecurityMetadataSource] is not eligible for getting processed by all BeanPostProcessors (for example: not eligible for auto-proxying)
2017-02-24 22:07:50.398  INFO 18052 --- [main] s.b.c.e.t.TomcatEmbeddedServletContainer : Tomcat initialized with port(s): 9090 (http)
2017-02-24 22:07:50.425  INFO 18052 --- [main] o.apache.catalina.core.StandardService   : Starting service Tomcat
2017-02-24 22:07:50.427  INFO 18052 --- [main] org.apache.catalina.core.StandardEngine  : Starting Servlet Engine: Apache Tomcat/8.5.11
2017-02-24 22:07:50.579  INFO 18052 --- [localhost-startStop-1] o.a.c.c.C.[.[localhost].[/employee-api]  : Initializing Spring embedded WebApplicationContext
2017-02-24 22:07:50.580  INFO 18052 --- [localhost-startStop-1] o.s.web.context.ContextLoader            : Root WebApplicationContext: initialization completed in 2856 ms
2017-02-24 22:07:50.908  INFO 18052 --- [localhost-startStop-1] o.s.b.w.servlet.FilterRegistrationBean   : Mapping filter: 'characterEncodingFilter' to: [/*]
2017-02-24 22:07:50.909  INFO 18052 --- [localhost-startStop-1] o.s.b.w.servlet.FilterRegistrationBean   : Mapping filter: 'hiddenHttpMethodFilter' to: [/*]
2017-02-24 22:07:50.910  INFO 18052 --- [localhost-startStop-1] o.s.b.w.servlet.FilterRegistrationBean   : Mapping filter: 'httpPutFormContentFilter' to: [/*]
2017-02-24 22:07:50.910  INFO 18052 --- [localhost-startStop-1] o.s.b.w.servlet.FilterRegistrationBean   : Mapping filter: 'requestContextFilter' to: [/*]
2017-02-24 22:07:50.919  INFO 18052 --- [localhost-startStop-1] .s.DelegatingFilterProxyRegistrationBean : Mapping filter: 'springSecurityFilterChain' to: [/*]
2017-02-24 22:07:50.919  INFO 18052 --- [localhost-startStop-1] o.s.b.w.servlet.ServletRegistrationBean  : Mapping servlet: 'dispatcherServlet' to [/]
2017-02-24 22:07:51.850  INFO 18052 --- [main] j.LocalContainerEntityManagerFactoryBean : Building JPA container EntityManagerFactory for persistence unit 'default'
2017-02-24 22:07:51.891  INFO 18052 --- [main] o.hibernate.jpa.internal.util.LogHelper  : HHH000204: Processing PersistenceUnitInfo [
	name: default
	...]
2017-02-24 22:07:51.999  INFO 18052 --- [main] org.hibernate.Version                    : HHH000412: Hibernate Core {5.0.11.Final}
2017-02-24 22:07:52.001  INFO 18052 --- [main] org.hibernate.cfg.Environment            : HHH000206: hibernate.properties not found
2017-02-24 22:07:52.008  INFO 18052 --- [main] org.hibernate.cfg.Environment            : HHH000021: Bytecode provider name : javassist
2017-02-24 22:07:52.065  INFO 18052 --- [main] o.hibernate.annotations.common.Version   : HCANN000001: Hibernate Commons Annotations {5.0.1.Final}
2017-02-24 22:07:52.335  INFO 18052 --- [main] org.hibernate.dialect.Dialect            : HHH000400: Using dialect: org.hibernate.dialect.MySQLDialect
2017-02-24 22:07:52.925  INFO 18052 --- [main] org.hibernate.tool.hbm2ddl.SchemaUpdate  : HHH000228: Running hbm2ddl schema update
2017-02-24 22:07:53.280  INFO 18052 --- [main] j.LocalContainerEntityManagerFactoryBean : Initialized JPA EntityManagerFactory for persistence unit 'default'
2017-02-24 22:07:54.439  INFO 18052 --- [main] s.w.s.m.m.a.RequestMappingHandlerAdapter : Looking for @ControllerAdvice: org.springframework.boot.context.embedded.AnnotationConfigEmbeddedWebApplicationContext@473b46c3: startup date [Fri Feb 24 22:07:47 CST 2017]; root of context hierarchy
2017-02-24 22:07:54.591  INFO 18052 --- [main] s.w.s.m.m.a.RequestMappingHandlerMapping : Mapped "{[/test],methods=[GET]}" onto public java.lang.String com.madan.sb.controller.EmployeeController.test()
2017-02-24 22:07:54.599  INFO 18052 --- [main] s.w.s.m.m.a.RequestMappingHandlerMapping : Mapped "{[/delete/{id}],methods=[DELETE]}" onto public void com.madan.sb.controller.EmployeeController.deleteEmployee(java.lang.Integer)
2017-02-24 22:07:54.604  INFO 18052 --- [main] s.w.s.m.m.a.RequestMappingHandlerMapping : Mapped "{[/findbylastname/{lastName}],methods=[GET]}" onto public java.util.List<com.madan.sb.domain.Employee> com.madan.sb.controller.EmployeeController.findByLastName(java.lang.String)
2017-02-24 22:07:54.605  INFO 18052 --- [main] s.w.s.m.m.a.RequestMappingHandlerMapping : Mapped "{[/find/{id}],methods=[GET]}" onto public com.madan.sb.domain.Employee com.madan.sb.controller.EmployeeController.findOneEmployee(java.lang.Integer)
2017-02-24 22:07:54.610  INFO 18052 --- [main] s.w.s.m.m.a.RequestMappingHandlerMapping : Mapped "{[/update],methods=[PUT]}" onto public void com.madan.sb.controller.EmployeeController.updateEmployee(com.madan.sb.domain.Employee)
2017-02-24 22:07:54.611  INFO 18052 --- [main] s.w.s.m.m.a.RequestMappingHandlerMapping : Mapped "{[/save],methods=[POST]}" onto public void com.madan.sb.controller.EmployeeController.saveEmployee(com.madan.sb.domain.Employee)
2017-02-24 22:07:54.612  INFO 18052 --- [main] s.w.s.m.m.a.RequestMappingHandlerMapping : Mapped "{[/findall],methods=[GET]}" onto public java.util.List<com.madan.sb.domain.Employee> com.madan.sb.controller.EmployeeController.findEmployee()
2017-02-24 22:07:54.616  INFO 18052 --- [main] s.w.s.m.m.a.RequestMappingHandlerMapping : Mapped "{[/error]}" onto public org.springframework.http.ResponseEntity<java.util.Map<java.lang.String, java.lang.Object>> org.springframework.boot.autoconfigure.web.BasicErrorController.error(javax.servlet.http.HttpServletRequest)
2017-02-24 22:07:54.624  INFO 18052 --- [main] s.w.s.m.m.a.RequestMappingHandlerMapping : Mapped "{[/error],produces=[text/html]}" onto public org.springframework.web.servlet.ModelAndView org.springframework.boot.autoconfigure.web.BasicErrorController.errorHtml(javax.servlet.http.HttpServletRequest,javax.servlet.http.HttpServletResponse)
2017-02-24 22:07:54.698  INFO 18052 --- [main] o.s.w.s.handler.SimpleUrlHandlerMapping  : Mapped URL path [/webjars/**] onto handler of type [class org.springframework.web.servlet.resource.ResourceHttpRequestHandler]
2017-02-24 22:07:54.700  INFO 18052 --- [main] o.s.w.s.handler.SimpleUrlHandlerMapping  : Mapped URL path [/**] onto handler of type [class org.springframework.web.servlet.resource.ResourceHttpRequestHandler]
2017-02-24 22:07:54.793  INFO 18052 --- [main] o.s.w.s.handler.SimpleUrlHandlerMapping  : Mapped URL path [/**/favicon.ico] onto handler of type [class org.springframework.web.servlet.resource.ResourceHttpRequestHandler]
2017-02-24 22:07:55.173  INFO 18052 --- [main] b.a.s.AuthenticationManagerConfiguration : 

Using default security password: 8389eb76-45b8-40ef-b416-259918a8e86a

2017-02-24 22:07:55.184  INFO 18052 --- [main] o.s.s.web.DefaultSecurityFilterChain     : Creating filter chain: OrRequestMatcher [requestMatchers=[Ant [pattern='/css/**'], Ant [pattern='/js/**'], Ant [pattern='/images/**'], Ant [pattern='/webjars/**'], Ant [pattern='/**/favicon.ico'], Ant [pattern='/error']]], []
2017-02-24 22:07:55.310  INFO 18052 --- [main] o.s.s.web.DefaultSecurityFilterChain     : Creating filter chain: org.springframework.security.web.util.matcher.AnyRequestMatcher@1, [org.springframework.security.web.context.request.async.WebAsyncManagerIntegrationFilter@589fb74d, org.springframework.security.web.context.SecurityContextPersistenceFilter@63f9ddf9, org.springframework.security.web.header.HeaderWriterFilter@1a88c4f5, org.springframework.security.web.authentication.logout.LogoutFilter@5ebbde60, org.springframework.security.web.authentication.www.BasicAuthenticationFilter@3f6c2763, org.springframework.security.web.savedrequest.RequestCacheAwareFilter@4e17442f, org.springframework.security.web.servletapi.SecurityContextHolderAwareRequestFilter@7ddeb27f, org.springframework.security.web.authentication.AnonymousAuthenticationFilter@200d1a3d, org.springframework.security.web.session.SessionManagementFilter@33d230ce, org.springframework.security.web.access.ExceptionTranslationFilter@49cc9b2a, org.springframework.security.web.access.intercept.FilterSecurityInterceptor@214b342f]
2017-02-24 22:07:55.320  INFO 18052 --- [main] o.s.s.web.DefaultSecurityFilterChain     : Creating filter chain: OrRequestMatcher [requestMatchers=[Ant [pattern='/**']]], [org.springframework.security.web.context.request.async.WebAsyncManagerIntegrationFilter@4861cca9, org.springframework.security.web.context.SecurityContextPersistenceFilter@6c07add6, org.springframework.security.web.header.HeaderWriterFilter@267ff4df, org.springframework.security.web.authentication.logout.LogoutFilter@712cd5d3, org.springframework.security.web.authentication.www.BasicAuthenticationFilter@2094bf3d, org.springframework.security.web.savedrequest.RequestCacheAwareFilter@e26a3df, org.springframework.security.web.servletapi.SecurityContextHolderAwareRequestFilter@57a667c8, org.springframework.security.web.authentication.AnonymousAuthenticationFilter@6c8f4bc7, org.springframework.security.web.session.SessionManagementFilter@7c4b5ceb, org.springframework.security.web.access.ExceptionTranslationFilter@4e8598d9, org.springframework.security.web.access.intercept.FilterSecurityInterceptor@6d969330]
2017-02-24 22:07:55.478  INFO 18052 --- [main] o.s.j.e.a.AnnotationMBeanExporter        : Registering beans for JMX exposure on startup
2017-02-24 22:07:55.567  INFO 18052 --- [main] s.b.c.e.t.TomcatEmbeddedServletContainer : Tomcat started on port(s): 9090 (http)
2017-02-24 22:07:55.574  INFO 18052 --- [main] c.m.sb.config.EmployeeApiApplication     : Started EmployeeApiApplication in 8.421 seconds (JVM running for 8.884)
2017-02-24 22:08:28.533  INFO 18052 --- [http-nio-9090-exec-1] o.a.c.c.C.[.[localhost].[/employee-api]  : Initializing Spring FrameworkServlet 'dispatcherServlet'
2017-02-24 22:08:28.537  INFO 18052 --- [http-nio-9090-exec-1] o.s.web.servlet.DispatcherServlet        : FrameworkServlet 'dispatcherServlet': initialization started
2017-02-24 22:08:28.587  INFO 18052 --- [http-nio-9090-exec-1] o.s.web.servlet.DispatcherServlet        : FrameworkServlet 'dispatcherServlet': initialization completed in 50 ms
2017-02-24 22:20:41.764  INFO 7160 --- [main] c.m.sb.config.EmployeeApiApplication     : Starting EmployeeApiApplication on LAPTOP-OJAJF1PI with PID 7160 (C:\Users\Madan\Documents\workspace-spring\employee-api\target\classes started by Madan in C:\Users\Madan\Documents\workspace-spring\employee-api)
2017-02-24 22:20:41.770  INFO 7160 --- [main] c.m.sb.config.EmployeeApiApplication     : No active profile set, falling back to default profiles: default
2017-02-24 22:20:41.868  INFO 7160 --- [main] ationConfigEmbeddedWebApplicationContext : Refreshing org.springframework.boot.context.embedded.AnnotationConfigEmbeddedWebApplicationContext@473b46c3: startup date [Fri Feb 24 22:20:41 CST 2017]; root of context hierarchy
2017-02-24 22:20:43.737  INFO 7160 --- [main] trationDelegate$BeanPostProcessorChecker : Bean 'org.springframework.boot.autoconfigure.validation.ValidationAutoConfiguration' of type [class org.springframework.boot.autoconfigure.validation.ValidationAutoConfiguration] is not eligible for getting processed by all BeanPostProcessors (for example: not eligible for auto-proxying)
2017-02-24 22:20:43.872  INFO 7160 --- [main] trationDelegate$BeanPostProcessorChecker : Bean 'validator' of type [class org.springframework.validation.beanvalidation.LocalValidatorFactoryBean] is not eligible for getting processed by all BeanPostProcessors (for example: not eligible for auto-proxying)
2017-02-24 22:20:43.939  INFO 7160 --- [main] trationDelegate$BeanPostProcessorChecker : Bean 'org.springframework.transaction.annotation.ProxyTransactionManagementConfiguration' of type [class org.springframework.transaction.annotation.ProxyTransactionManagementConfiguration$$EnhancerBySpringCGLIB$$f32889f1] is not eligible for getting processed by all BeanPostProcessors (for example: not eligible for auto-proxying)
2017-02-24 22:20:44.026  INFO 7160 --- [main] trationDelegate$BeanPostProcessorChecker : Bean 'org.springframework.security.config.annotation.configuration.ObjectPostProcessorConfiguration' of type [class org.springframework.security.config.annotation.configuration.ObjectPostProcessorConfiguration$$EnhancerBySpringCGLIB$$8bd6522b] is not eligible for getting processed by all BeanPostProcessors (for example: not eligible for auto-proxying)
2017-02-24 22:20:44.043  INFO 7160 --- [main] trationDelegate$BeanPostProcessorChecker : Bean 'objectPostProcessor' of type [class org.springframework.security.config.annotation.configuration.AutowireBeanFactoryObjectPostProcessor] is not eligible for getting processed by all BeanPostProcessors (for example: not eligible for auto-proxying)
2017-02-24 22:20:44.052  INFO 7160 --- [main] trationDelegate$BeanPostProcessorChecker : Bean 'org.springframework.security.access.expression.method.DefaultMethodSecurityExpressionHandler@1f130eaf' of type [class org.springframework.security.access.expression.method.DefaultMethodSecurityExpressionHandler] is not eligible for getting processed by all BeanPostProcessors (for example: not eligible for auto-proxying)
2017-02-24 22:20:44.069  INFO 7160 --- [main] trationDelegate$BeanPostProcessorChecker : Bean 'org.springframework.security.config.annotation.method.configuration.GlobalMethodSecurityConfiguration' of type [class org.springframework.security.config.annotation.method.configuration.GlobalMethodSecurityConfiguration$$EnhancerBySpringCGLIB$$b0aaf4dd] is not eligible for getting processed by all BeanPostProcessors (for example: not eligible for auto-proxying)
2017-02-24 22:20:44.089  INFO 7160 --- [main] trationDelegate$BeanPostProcessorChecker : Bean 'methodSecurityMetadataSource' of type [class org.springframework.security.access.method.DelegatingMethodSecurityMetadataSource] is not eligible for getting processed by all BeanPostProcessors (for example: not eligible for auto-proxying)
2017-02-24 22:20:44.772  INFO 7160 --- [main] s.b.c.e.t.TomcatEmbeddedServletContainer : Tomcat initialized with port(s): 9090 (http)
2017-02-24 22:20:44.799  INFO 7160 --- [main] o.apache.catalina.core.StandardService   : Starting service Tomcat
2017-02-24 22:20:44.800  INFO 7160 --- [main] org.apache.catalina.core.StandardEngine  : Starting Servlet Engine: Apache Tomcat/8.5.11
2017-02-24 22:20:44.967  INFO 7160 --- [localhost-startStop-1] o.a.c.c.C.[.[localhost].[/employee-api]  : Initializing Spring embedded WebApplicationContext
2017-02-24 22:20:44.967  INFO 7160 --- [localhost-startStop-1] o.s.web.context.ContextLoader            : Root WebApplicationContext: initialization completed in 3104 ms
2017-02-24 22:20:45.350  INFO 7160 --- [localhost-startStop-1] o.s.b.w.servlet.FilterRegistrationBean   : Mapping filter: 'characterEncodingFilter' to: [/*]
2017-02-24 22:20:45.351  INFO 7160 --- [localhost-startStop-1] o.s.b.w.servlet.FilterRegistrationBean   : Mapping filter: 'hiddenHttpMethodFilter' to: [/*]
2017-02-24 22:20:45.351  INFO 7160 --- [localhost-startStop-1] o.s.b.w.servlet.FilterRegistrationBean   : Mapping filter: 'httpPutFormContentFilter' to: [/*]
2017-02-24 22:20:45.352  INFO 7160 --- [localhost-startStop-1] o.s.b.w.servlet.FilterRegistrationBean   : Mapping filter: 'requestContextFilter' to: [/*]
2017-02-24 22:20:45.360  INFO 7160 --- [localhost-startStop-1] .s.DelegatingFilterProxyRegistrationBean : Mapping filter: 'springSecurityFilterChain' to: [/*]
2017-02-24 22:20:45.360  INFO 7160 --- [localhost-startStop-1] o.s.b.w.servlet.ServletRegistrationBean  : Mapping servlet: 'dispatcherServlet' to [/]
2017-02-24 22:20:46.245  INFO 7160 --- [main] j.LocalContainerEntityManagerFactoryBean : Building JPA container EntityManagerFactory for persistence unit 'default'
2017-02-24 22:20:46.274  INFO 7160 --- [main] o.hibernate.jpa.internal.util.LogHelper  : HHH000204: Processing PersistenceUnitInfo [
	name: default
	...]
2017-02-24 22:20:46.366  INFO 7160 --- [main] org.hibernate.Version                    : HHH000412: Hibernate Core {5.0.11.Final}
2017-02-24 22:20:46.368  INFO 7160 --- [main] org.hibernate.cfg.Environment            : HHH000206: hibernate.properties not found
2017-02-24 22:20:46.374  INFO 7160 --- [main] org.hibernate.cfg.Environment            : HHH000021: Bytecode provider name : javassist
2017-02-24 22:20:46.416  INFO 7160 --- [main] o.hibernate.annotations.common.Version   : HCANN000001: Hibernate Commons Annotations {5.0.1.Final}
2017-02-24 22:20:46.658  INFO 7160 --- [main] org.hibernate.dialect.Dialect            : HHH000400: Using dialect: org.hibernate.dialect.MySQLDialect
2017-02-24 22:20:47.231  INFO 7160 --- [main] org.hibernate.tool.hbm2ddl.SchemaUpdate  : HHH000228: Running hbm2ddl schema update
2017-02-24 22:20:47.575  INFO 7160 --- [main] j.LocalContainerEntityManagerFactoryBean : Initialized JPA EntityManagerFactory for persistence unit 'default'
2017-02-24 22:20:48.692  INFO 7160 --- [main] s.w.s.m.m.a.RequestMappingHandlerAdapter : Looking for @ControllerAdvice: org.springframework.boot.context.embedded.AnnotationConfigEmbeddedWebApplicationContext@473b46c3: startup date [Fri Feb 24 22:20:41 CST 2017]; root of context hierarchy
2017-02-24 22:20:48.838  INFO 7160 --- [main] s.w.s.m.m.a.RequestMappingHandlerMapping : Mapped "{[/test],methods=[GET]}" onto public java.lang.String com.madan.sb.controller.EmployeeController.test()
2017-02-24 22:20:48.840  INFO 7160 --- [main] s.w.s.m.m.a.RequestMappingHandlerMapping : Mapped "{[/find/{id}],methods=[GET]}" onto public com.madan.sb.domain.Employee com.madan.sb.controller.EmployeeController.findOneEmployee(java.lang.Integer)
2017-02-24 22:20:48.845  INFO 7160 --- [main] s.w.s.m.m.a.RequestMappingHandlerMapping : Mapped "{[/delete/{id}],methods=[DELETE]}" onto public void com.madan.sb.controller.EmployeeController.deleteEmployee(java.lang.Integer)
2017-02-24 22:20:48.846  INFO 7160 --- [main] s.w.s.m.m.a.RequestMappingHandlerMapping : Mapped "{[/update],methods=[PUT]}" onto public void com.madan.sb.controller.EmployeeController.updateEmployee(com.madan.sb.domain.Employee)
2017-02-24 22:20:48.853  INFO 7160 --- [main] s.w.s.m.m.a.RequestMappingHandlerMapping : Mapped "{[/findall],methods=[GET]}" onto public java.util.List<com.madan.sb.domain.Employee> com.madan.sb.controller.EmployeeController.findEmployee()
2017-02-24 22:20:48.853  INFO 7160 --- [main] s.w.s.m.m.a.RequestMappingHandlerMapping : Mapped "{[/findbylastname/{lastName}],methods=[GET]}" onto public java.util.List<com.madan.sb.domain.Employee> com.madan.sb.controller.EmployeeController.findByLastName(java.lang.String)
2017-02-24 22:20:48.854  INFO 7160 --- [main] s.w.s.m.m.a.RequestMappingHandlerMapping : Mapped "{[/save],methods=[POST]}" onto public void com.madan.sb.controller.EmployeeController.saveEmployee(com.madan.sb.domain.Employee)
2017-02-24 22:20:48.858  INFO 7160 --- [main] s.w.s.m.m.a.RequestMappingHandlerMapping : Mapped "{[/error]}" onto public org.springframework.http.ResponseEntity<java.util.Map<java.lang.String, java.lang.Object>> org.springframework.boot.autoconfigure.web.BasicErrorController.error(javax.servlet.http.HttpServletRequest)
2017-02-24 22:20:48.864  INFO 7160 --- [main] s.w.s.m.m.a.RequestMappingHandlerMapping : Mapped "{[/error],produces=[text/html]}" onto public org.springframework.web.servlet.ModelAndView org.springframework.boot.autoconfigure.web.BasicErrorController.errorHtml(javax.servlet.http.HttpServletRequest,javax.servlet.http.HttpServletResponse)
2017-02-24 22:20:48.950  INFO 7160 --- [main] o.s.w.s.handler.SimpleUrlHandlerMapping  : Mapped URL path [/webjars/**] onto handler of type [class org.springframework.web.servlet.resource.ResourceHttpRequestHandler]
2017-02-24 22:20:48.952  INFO 7160 --- [main] o.s.w.s.handler.SimpleUrlHandlerMapping  : Mapped URL path [/**] onto handler of type [class org.springframework.web.servlet.resource.ResourceHttpRequestHandler]
2017-02-24 22:20:49.035  INFO 7160 --- [main] o.s.w.s.handler.SimpleUrlHandlerMapping  : Mapped URL path [/**/favicon.ico] onto handler of type [class org.springframework.web.servlet.resource.ResourceHttpRequestHandler]
2017-02-24 22:20:49.443  INFO 7160 --- [main] b.a.s.AuthenticationManagerConfiguration : 

Using default security password: 9678cb04-8c72-4ad9-9ac9-4a781c46e4a6

2017-02-24 22:20:49.453  INFO 7160 --- [main] o.s.s.web.DefaultSecurityFilterChain     : Creating filter chain: OrRequestMatcher [requestMatchers=[Ant [pattern='/css/**'], Ant [pattern='/js/**'], Ant [pattern='/images/**'], Ant [pattern='/webjars/**'], Ant [pattern='/**/favicon.ico'], Ant [pattern='/error']]], []
2017-02-24 22:20:49.582  INFO 7160 --- [main] o.s.s.web.DefaultSecurityFilterChain     : Creating filter chain: org.springframework.security.web.util.matcher.AnyRequestMatcher@1, [org.springframework.security.web.context.request.async.WebAsyncManagerIntegrationFilter@3cc3f13e, org.springframework.security.web.context.SecurityContextPersistenceFilter@159ac15f, org.springframework.security.web.header.HeaderWriterFilter@9263c54, org.springframework.security.web.authentication.logout.LogoutFilter@70b33256, org.springframework.security.web.authentication.www.BasicAuthenticationFilter@62e73ab6, org.springframework.security.web.savedrequest.RequestCacheAwareFilter@7af1d072, org.springframework.security.web.servletapi.SecurityContextHolderAwareRequestFilter@59b492ec, org.springframework.security.web.authentication.AnonymousAuthenticationFilter@69b3886f, org.springframework.security.web.session.SessionManagementFilter@21d9cd04, org.springframework.security.web.access.ExceptionTranslationFilter@5a47730c, org.springframework.security.web.access.intercept.FilterSecurityInterceptor@3ffd4b12]
2017-02-24 22:20:49.592  INFO 7160 --- [main] o.s.s.web.DefaultSecurityFilterChain     : Creating filter chain: OrRequestMatcher [requestMatchers=[Ant [pattern='/**']]], [org.springframework.security.web.context.request.async.WebAsyncManagerIntegrationFilter@7f12094d, org.springframework.security.web.context.SecurityContextPersistenceFilter@3af236d0, org.springframework.security.web.header.HeaderWriterFilter@5514579e, org.springframework.security.web.authentication.logout.LogoutFilter@2dd0a0d0, org.springframework.security.web.authentication.www.BasicAuthenticationFilter@6bf570c, org.springframework.security.web.savedrequest.RequestCacheAwareFilter@23564dd2, org.springframework.security.web.servletapi.SecurityContextHolderAwareRequestFilter@54895681, org.springframework.security.web.authentication.AnonymousAuthenticationFilter@589fb74d, org.springframework.security.web.session.SessionManagementFilter@58c42c8c, org.springframework.security.web.access.ExceptionTranslationFilter@1471b98d, org.springframework.security.web.access.intercept.FilterSecurityInterceptor@5db0003d]
2017-02-24 22:20:49.787  INFO 7160 --- [main] o.s.j.e.a.AnnotationMBeanExporter        : Registering beans for JMX exposure on startup
2017-02-24 22:20:49.861  INFO 7160 --- [main] s.b.c.e.t.TomcatEmbeddedServletContainer : Tomcat started on port(s): 9090 (http)
2017-02-24 22:20:49.867  INFO 7160 --- [main] c.m.sb.config.EmployeeApiApplication     : Started EmployeeApiApplication in 8.569 seconds (JVM running for 9.186)
2017-02-24 22:21:03.433  INFO 7160 --- [http-nio-9090-exec-1] o.a.c.c.C.[.[localhost].[/employee-api]  : Initializing Spring FrameworkServlet 'dispatcherServlet'
2017-02-24 22:21:03.445  INFO 7160 --- [http-nio-9090-exec-1] o.s.web.servlet.DispatcherServlet        : FrameworkServlet 'dispatcherServlet': initialization started
2017-02-24 22:21:03.482  INFO 7160 --- [http-nio-9090-exec-1] o.s.web.servlet.DispatcherServlet        : FrameworkServlet 'dispatcherServlet': initialization completed in 36 ms
2017-02-24 22:21:35.384  INFO 7160 --- [http-nio-9090-exec-2] o.h.h.i.QueryTranslatorFactoryInitiator  : HHH000397: Using ASTQueryTranslatorFactory
2017-02-24 22:45:46.252  INFO 13588 --- [main] c.m.sb.config.EmployeeApiApplication     : Starting EmployeeApiApplication on LAPTOP-OJAJF1PI with PID 13588 (C:\Users\Madan\Documents\workspace-spring\employee-api\target\classes started by Madan in C:\Users\Madan\Documents\workspace-spring\employee-api)
2017-02-24 22:45:46.256  INFO 13588 --- [main] c.m.sb.config.EmployeeApiApplication     : No active profile set, falling back to default profiles: default
2017-02-24 22:45:46.370  INFO 13588 --- [main] ationConfigEmbeddedWebApplicationContext : Refreshing org.springframework.boot.context.embedded.AnnotationConfigEmbeddedWebApplicationContext@473b46c3: startup date [Fri Feb 24 22:45:46 CST 2017]; root of context hierarchy
2017-02-24 22:45:48.156  INFO 13588 --- [main] trationDelegate$BeanPostProcessorChecker : Bean 'org.springframework.boot.autoconfigure.validation.ValidationAutoConfiguration' of type [class org.springframework.boot.autoconfigure.validation.ValidationAutoConfiguration] is not eligible for getting processed by all BeanPostProcessors (for example: not eligible for auto-proxying)
2017-02-24 22:45:48.262  INFO 13588 --- [main] trationDelegate$BeanPostProcessorChecker : Bean 'validator' of type [class org.springframework.validation.beanvalidation.LocalValidatorFactoryBean] is not eligible for getting processed by all BeanPostProcessors (for example: not eligible for auto-proxying)
2017-02-24 22:45:48.309  INFO 13588 --- [main] trationDelegate$BeanPostProcessorChecker : Bean 'org.springframework.transaction.annotation.ProxyTransactionManagementConfiguration' of type [class org.springframework.transaction.annotation.ProxyTransactionManagementConfiguration$$EnhancerBySpringCGLIB$$2380d8a6] is not eligible for getting processed by all BeanPostProcessors (for example: not eligible for auto-proxying)
2017-02-24 22:45:48.372  INFO 13588 --- [main] trationDelegate$BeanPostProcessorChecker : Bean 'org.springframework.security.config.annotation.configuration.ObjectPostProcessorConfiguration' of type [class org.springframework.security.config.annotation.configuration.ObjectPostProcessorConfiguration$$EnhancerBySpringCGLIB$$bc2ea0e0] is not eligible for getting processed by all BeanPostProcessors (for example: not eligible for auto-proxying)
2017-02-24 22:45:48.386  INFO 13588 --- [main] trationDelegate$BeanPostProcessorChecker : Bean 'objectPostProcessor' of type [class org.springframework.security.config.annotation.configuration.AutowireBeanFactoryObjectPostProcessor] is not eligible for getting processed by all BeanPostProcessors (for example: not eligible for auto-proxying)
2017-02-24 22:45:48.393  INFO 13588 --- [main] trationDelegate$BeanPostProcessorChecker : Bean 'org.springframework.security.access.expression.method.DefaultMethodSecurityExpressionHandler@5400db36' of type [class org.springframework.security.access.expression.method.DefaultMethodSecurityExpressionHandler] is not eligible for getting processed by all BeanPostProcessors (for example: not eligible for auto-proxying)
2017-02-24 22:45:48.404  INFO 13588 --- [main] trationDelegate$BeanPostProcessorChecker : Bean 'org.springframework.security.config.annotation.method.configuration.GlobalMethodSecurityConfiguration' of type [class org.springframework.security.config.annotation.method.configuration.GlobalMethodSecurityConfiguration$$EnhancerBySpringCGLIB$$e1034392] is not eligible for getting processed by all BeanPostProcessors (for example: not eligible for auto-proxying)
2017-02-24 22:45:48.429  INFO 13588 --- [main] trationDelegate$BeanPostProcessorChecker : Bean 'methodSecurityMetadataSource' of type [class org.springframework.security.access.method.DelegatingMethodSecurityMetadataSource] is not eligible for getting processed by all BeanPostProcessors (for example: not eligible for auto-proxying)
2017-02-24 22:45:49.029  INFO 13588 --- [main] s.b.c.e.t.TomcatEmbeddedServletContainer : Tomcat initialized with port(s): 9090 (http)
2017-02-24 22:45:49.053  INFO 13588 --- [main] o.apache.catalina.core.StandardService   : Starting service Tomcat
2017-02-24 22:45:49.056  INFO 13588 --- [main] org.apache.catalina.core.StandardEngine  : Starting Servlet Engine: Apache Tomcat/8.5.11
2017-02-24 22:45:49.211  INFO 13588 --- [localhost-startStop-1] o.a.c.c.C.[.[localhost].[/employee-api]  : Initializing Spring embedded WebApplicationContext
2017-02-24 22:45:49.212  INFO 13588 --- [localhost-startStop-1] o.s.web.context.ContextLoader            : Root WebApplicationContext: initialization completed in 2846 ms
2017-02-24 22:45:49.534  INFO 13588 --- [localhost-startStop-1] o.s.b.w.servlet.FilterRegistrationBean   : Mapping filter: 'characterEncodingFilter' to: [/*]
2017-02-24 22:45:49.534  INFO 13588 --- [localhost-startStop-1] o.s.b.w.servlet.FilterRegistrationBean   : Mapping filter: 'hiddenHttpMethodFilter' to: [/*]
2017-02-24 22:45:49.535  INFO 13588 --- [localhost-startStop-1] o.s.b.w.servlet.FilterRegistrationBean   : Mapping filter: 'httpPutFormContentFilter' to: [/*]
2017-02-24 22:45:49.535  INFO 13588 --- [localhost-startStop-1] o.s.b.w.servlet.FilterRegistrationBean   : Mapping filter: 'requestContextFilter' to: [/*]
2017-02-24 22:45:49.543  INFO 13588 --- [localhost-startStop-1] .s.DelegatingFilterProxyRegistrationBean : Mapping filter: 'springSecurityFilterChain' to: [/*]
2017-02-24 22:45:49.544  INFO 13588 --- [localhost-startStop-1] o.s.b.w.servlet.ServletRegistrationBean  : Mapping servlet: 'dispatcherServlet' to [/]
2017-02-24 22:45:50.331  INFO 13588 --- [main] j.LocalContainerEntityManagerFactoryBean : Building JPA container EntityManagerFactory for persistence unit 'default'
2017-02-24 22:45:50.360  INFO 13588 --- [main] o.hibernate.jpa.internal.util.LogHelper  : HHH000204: Processing PersistenceUnitInfo [
	name: default
	...]
2017-02-24 22:45:50.491  INFO 13588 --- [main] org.hibernate.Version                    : HHH000412: Hibernate Core {5.0.11.Final}
2017-02-24 22:45:50.496  INFO 13588 --- [main] org.hibernate.cfg.Environment            : HHH000206: hibernate.properties not found
2017-02-24 22:45:50.498  INFO 13588 --- [main] org.hibernate.cfg.Environment            : HHH000021: Bytecode provider name : javassist
2017-02-24 22:45:50.553  INFO 13588 --- [main] o.hibernate.annotations.common.Version   : HCANN000001: Hibernate Commons Annotations {5.0.1.Final}
2017-02-24 22:45:50.799  INFO 13588 --- [main] org.hibernate.dialect.Dialect            : HHH000400: Using dialect: org.hibernate.dialect.MySQLDialect
2017-02-24 22:45:51.020  WARN 13588 --- [main] ationConfigEmbeddedWebApplicationContext : Exception encountered during context initialization - cancelling refresh attempt: org.springframework.beans.factory.BeanCreationException: Error creating bean with name 'entityManagerFactory' defined in class path resource [org/springframework/boot/autoconfigure/orm/jpa/HibernateJpaAutoConfiguration.class]: Invocation of init method failed; nested exception is org.hibernate.AnnotationException: Unable to create unique key constraint (role, username) on table roles: database column 'username' not found. Make sure that you use the correct column name which depends on the naming strategy in use (it may not be the same as the property name in the entity, especially for relational types)
2017-02-24 22:45:51.030  WARN 13588 --- [main] o.s.boot.SpringApplication               : Error handling failed (Error creating bean with name 'delegatingApplicationListener' defined in class path resource [org/springframework/security/config/annotation/web/configuration/WebSecurityConfiguration.class]: BeanPostProcessor before instantiation of bean failed; nested exception is org.springframework.beans.factory.BeanCreationException: Error creating bean with name 'metaDataSourceAdvisor': Cannot resolve reference to bean 'methodSecurityMetadataSource' while setting constructor argument; nested exception is org.springframework.beans.factory.BeanCreationException: Error creating bean with name 'org.springframework.security.config.annotation.method.configuration.GlobalMethodSecurityConfiguration': Initialization of bean failed; nested exception is org.springframework.beans.factory.NoSuchBeanDefinitionException: No bean named 'org.springframework.context.annotation.ConfigurationClassPostProcessor.importRegistry' available)
2017-02-24 22:45:51.042 ERROR 13588 --- [main] o.s.boot.SpringApplication               : Application startup failed

org.springframework.beans.factory.BeanCreationException: Error creating bean with name 'entityManagerFactory' defined in class path resource [org/springframework/boot/autoconfigure/orm/jpa/HibernateJpaAutoConfiguration.class]: Invocation of init method failed; nested exception is org.hibernate.AnnotationException: Unable to create unique key constraint (role, username) on table roles: database column 'username' not found. Make sure that you use the correct column name which depends on the naming strategy in use (it may not be the same as the property name in the entity, especially for relational types)
	at org.springframework.beans.factory.support.AbstractAutowireCapableBeanFactory.initializeBean(AbstractAutowireCapableBeanFactory.java:1628) ~[spring-beans-4.3.6.RELEASE.jar:4.3.6.RELEASE]
	at org.springframework.beans.factory.support.AbstractAutowireCapableBeanFactory.doCreateBean(AbstractAutowireCapableBeanFactory.java:555) ~[spring-beans-4.3.6.RELEASE.jar:4.3.6.RELEASE]
	at org.springframework.beans.factory.support.AbstractAutowireCapableBeanFactory.createBean(AbstractAutowireCapableBeanFactory.java:483) ~[spring-beans-4.3.6.RELEASE.jar:4.3.6.RELEASE]
	at org.springframework.beans.factory.support.AbstractBeanFactory$1.getObject(AbstractBeanFactory.java:306) ~[spring-beans-4.3.6.RELEASE.jar:4.3.6.RELEASE]
	at org.springframework.beans.factory.support.DefaultSingletonBeanRegistry.getSingleton(DefaultSingletonBeanRegistry.java:230) ~[spring-beans-4.3.6.RELEASE.jar:4.3.6.RELEASE]
	at org.springframework.beans.factory.support.AbstractBeanFactory.doGetBean(AbstractBeanFactory.java:302) ~[spring-beans-4.3.6.RELEASE.jar:4.3.6.RELEASE]
	at org.springframework.beans.factory.support.AbstractBeanFactory.getBean(AbstractBeanFactory.java:197) ~[spring-beans-4.3.6.RELEASE.jar:4.3.6.RELEASE]
	at org.springframework.context.support.AbstractApplicationContext.getBean(AbstractApplicationContext.java:1081) ~[spring-context-4.3.6.RELEASE.jar:4.3.6.RELEASE]
	at org.springframework.context.support.AbstractApplicationContext.finishBeanFactoryInitialization(AbstractApplicationContext.java:856) ~[spring-context-4.3.6.RELEASE.jar:4.3.6.RELEASE]
	at org.springframework.context.support.AbstractApplicationContext.refresh(AbstractApplicationContext.java:542) ~[spring-context-4.3.6.RELEASE.jar:4.3.6.RELEASE]
	at org.springframework.boot.context.embedded.EmbeddedWebApplicationContext.refresh(EmbeddedWebApplicationContext.java:122) ~[spring-boot-1.5.1.RELEASE.jar:1.5.1.RELEASE]
	at org.springframework.boot.SpringApplication.refresh(SpringApplication.java:737) [spring-boot-1.5.1.RELEASE.jar:1.5.1.RELEASE]
	at org.springframework.boot.SpringApplication.refreshContext(SpringApplication.java:370) [spring-boot-1.5.1.RELEASE.jar:1.5.1.RELEASE]
	at org.springframework.boot.SpringApplication.run(SpringApplication.java:314) [spring-boot-1.5.1.RELEASE.jar:1.5.1.RELEASE]
	at org.springframework.boot.SpringApplication.run(SpringApplication.java:1162) [spring-boot-1.5.1.RELEASE.jar:1.5.1.RELEASE]
	at org.springframework.boot.SpringApplication.run(SpringApplication.java:1151) [spring-boot-1.5.1.RELEASE.jar:1.5.1.RELEASE]
	at com.madan.sb.config.EmployeeApiApplication.main(EmployeeApiApplication.java:14) [classes/:na]
Caused by: org.hibernate.AnnotationException: Unable to create unique key constraint (role, username) on table roles: database column 'username' not found. Make sure that you use the correct column name which depends on the naming strategy in use (it may not be the same as the property name in the entity, especially for relational types)
	at org.hibernate.boot.internal.InFlightMetadataCollectorImpl.buildUniqueKeyFromColumnNames(InFlightMetadataCollectorImpl.java:2090) ~[hibernate-core-5.0.11.Final.jar:5.0.11.Final]
	at org.hibernate.boot.internal.InFlightMetadataCollectorImpl.buildUniqueKeyFromColumnNames(InFlightMetadataCollectorImpl.java:1965) ~[hibernate-core-5.0.11.Final.jar:5.0.11.Final]
	at org.hibernate.boot.internal.InFlightMetadataCollectorImpl.processUniqueConstraintHolders(InFlightMetadataCollectorImpl.java:1953) ~[hibernate-core-5.0.11.Final.jar:5.0.11.Final]
	at org.hibernate.boot.internal.InFlightMetadataCollectorImpl.processSecondPasses(InFlightMetadataCollectorImpl.java:1629) ~[hibernate-core-5.0.11.Final.jar:5.0.11.Final]
	at org.hibernate.boot.model.process.spi.MetadataBuildingProcess.complete(MetadataBuildingProcess.java:278) ~[hibernate-core-5.0.11.Final.jar:5.0.11.Final]
	at org.hibernate.jpa.boot.internal.EntityManagerFactoryBuilderImpl.metadata(EntityManagerFactoryBuilderImpl.java:847) ~[hibernate-entitymanager-5.0.11.Final.jar:5.0.11.Final]
	at org.hibernate.jpa.boot.internal.EntityManagerFactoryBuilderImpl.build(EntityManagerFactoryBuilderImpl.java:874) ~[hibernate-entitymanager-5.0.11.Final.jar:5.0.11.Final]
	at org.springframework.orm.jpa.vendor.SpringHibernateJpaPersistenceProvider.createContainerEntityManagerFactory(SpringHibernateJpaPersistenceProvider.java:60) ~[spring-orm-4.3.6.RELEASE.jar:4.3.6.RELEASE]
	at org.springframework.orm.jpa.LocalContainerEntityManagerFactoryBean.createNativeEntityManagerFactory(LocalContainerEntityManagerFactoryBean.java:353) ~[spring-orm-4.3.6.RELEASE.jar:4.3.6.RELEASE]
	at org.springframework.orm.jpa.AbstractEntityManagerFactoryBean.buildNativeEntityManagerFactory(AbstractEntityManagerFactoryBean.java:373) ~[spring-orm-4.3.6.RELEASE.jar:4.3.6.RELEASE]
	at org.springframework.orm.jpa.AbstractEntityManagerFactoryBean.afterPropertiesSet(AbstractEntityManagerFactoryBean.java:362) ~[spring-orm-4.3.6.RELEASE.jar:4.3.6.RELEASE]
	at org.springframework.beans.factory.support.AbstractAutowireCapableBeanFactory.invokeInitMethods(AbstractAutowireCapableBeanFactory.java:1687) ~[spring-beans-4.3.6.RELEASE.jar:4.3.6.RELEASE]
	at org.springframework.beans.factory.support.AbstractAutowireCapableBeanFactory.initializeBean(AbstractAutowireCapableBeanFactory.java:1624) ~[spring-beans-4.3.6.RELEASE.jar:4.3.6.RELEASE]
	... 16 common frames omitted

2017-02-24 22:50:56.349  INFO 12376 --- [main] c.m.sb.config.EmployeeApiApplication     : Starting EmployeeApiApplication on LAPTOP-OJAJF1PI with PID 12376 (C:\Users\Madan\Documents\workspace-spring\employee-api\target\classes started by Madan in C:\Users\Madan\Documents\workspace-spring\employee-api)
2017-02-24 22:50:56.353  INFO 12376 --- [main] c.m.sb.config.EmployeeApiApplication     : No active profile set, falling back to default profiles: default
2017-02-24 22:50:56.454  INFO 12376 --- [main] ationConfigEmbeddedWebApplicationContext : Refreshing org.springframework.boot.context.embedded.AnnotationConfigEmbeddedWebApplicationContext@473b46c3: startup date [Fri Feb 24 22:50:56 CST 2017]; root of context hierarchy
2017-02-24 22:50:58.222  INFO 12376 --- [main] trationDelegate$BeanPostProcessorChecker : Bean 'org.springframework.boot.autoconfigure.validation.ValidationAutoConfiguration' of type [class org.springframework.boot.autoconfigure.validation.ValidationAutoConfiguration] is not eligible for getting processed by all BeanPostProcessors (for example: not eligible for auto-proxying)
2017-02-24 22:50:58.353  INFO 12376 --- [main] trationDelegate$BeanPostProcessorChecker : Bean 'validator' of type [class org.springframework.validation.beanvalidation.LocalValidatorFactoryBean] is not eligible for getting processed by all BeanPostProcessors (for example: not eligible for auto-proxying)
2017-02-24 22:50:58.409  INFO 12376 --- [main] trationDelegate$BeanPostProcessorChecker : Bean 'org.springframework.transaction.annotation.ProxyTransactionManagementConfiguration' of type [class org.springframework.transaction.annotation.ProxyTransactionManagementConfiguration$$EnhancerBySpringCGLIB$$2380d8a6] is not eligible for getting processed by all BeanPostProcessors (for example: not eligible for auto-proxying)
2017-02-24 22:50:58.487  INFO 12376 --- [main] trationDelegate$BeanPostProcessorChecker : Bean 'org.springframework.security.config.annotation.configuration.ObjectPostProcessorConfiguration' of type [class org.springframework.security.config.annotation.configuration.ObjectPostProcessorConfiguration$$EnhancerBySpringCGLIB$$bc2ea0e0] is not eligible for getting processed by all BeanPostProcessors (for example: not eligible for auto-proxying)
2017-02-24 22:50:58.501  INFO 12376 --- [main] trationDelegate$BeanPostProcessorChecker : Bean 'objectPostProcessor' of type [class org.springframework.security.config.annotation.configuration.AutowireBeanFactoryObjectPostProcessor] is not eligible for getting processed by all BeanPostProcessors (for example: not eligible for auto-proxying)
2017-02-24 22:50:58.508  INFO 12376 --- [main] trationDelegate$BeanPostProcessorChecker : Bean 'org.springframework.security.access.expression.method.DefaultMethodSecurityExpressionHandler@5400db36' of type [class org.springframework.security.access.expression.method.DefaultMethodSecurityExpressionHandler] is not eligible for getting processed by all BeanPostProcessors (for example: not eligible for auto-proxying)
2017-02-24 22:50:58.518  INFO 12376 --- [main] trationDelegate$BeanPostProcessorChecker : Bean 'org.springframework.security.config.annotation.method.configuration.GlobalMethodSecurityConfiguration' of type [class org.springframework.security.config.annotation.method.configuration.GlobalMethodSecurityConfiguration$$EnhancerBySpringCGLIB$$e1034392] is not eligible for getting processed by all BeanPostProcessors (for example: not eligible for auto-proxying)
2017-02-24 22:50:58.550  INFO 12376 --- [main] trationDelegate$BeanPostProcessorChecker : Bean 'methodSecurityMetadataSource' of type [class org.springframework.security.access.method.DelegatingMethodSecurityMetadataSource] is not eligible for getting processed by all BeanPostProcessors (for example: not eligible for auto-proxying)
2017-02-24 22:50:59.130  INFO 12376 --- [main] s.b.c.e.t.TomcatEmbeddedServletContainer : Tomcat initialized with port(s): 9090 (http)
2017-02-24 22:50:59.164  INFO 12376 --- [main] o.apache.catalina.core.StandardService   : Starting service Tomcat
2017-02-24 22:50:59.166  INFO 12376 --- [main] org.apache.catalina.core.StandardEngine  : Starting Servlet Engine: Apache Tomcat/8.5.11
2017-02-24 22:50:59.334  INFO 12376 --- [localhost-startStop-1] o.a.c.c.C.[.[localhost].[/employee-api]  : Initializing Spring embedded WebApplicationContext
2017-02-24 22:50:59.334  INFO 12376 --- [localhost-startStop-1] o.s.web.context.ContextLoader            : Root WebApplicationContext: initialization completed in 2885 ms
2017-02-24 22:50:59.726  INFO 12376 --- [localhost-startStop-1] o.s.b.w.servlet.FilterRegistrationBean   : Mapping filter: 'characterEncodingFilter' to: [/*]
2017-02-24 22:50:59.727  INFO 12376 --- [localhost-startStop-1] o.s.b.w.servlet.FilterRegistrationBean   : Mapping filter: 'hiddenHttpMethodFilter' to: [/*]
2017-02-24 22:50:59.728  INFO 12376 --- [localhost-startStop-1] o.s.b.w.servlet.FilterRegistrationBean   : Mapping filter: 'httpPutFormContentFilter' to: [/*]
2017-02-24 22:50:59.728  INFO 12376 --- [localhost-startStop-1] o.s.b.w.servlet.FilterRegistrationBean   : Mapping filter: 'requestContextFilter' to: [/*]
2017-02-24 22:50:59.744  INFO 12376 --- [localhost-startStop-1] .s.DelegatingFilterProxyRegistrationBean : Mapping filter: 'springSecurityFilterChain' to: [/*]
2017-02-24 22:50:59.744  INFO 12376 --- [localhost-startStop-1] o.s.b.w.servlet.ServletRegistrationBean  : Mapping servlet: 'dispatcherServlet' to [/]
2017-02-24 22:51:00.718  INFO 12376 --- [main] j.LocalContainerEntityManagerFactoryBean : Building JPA container EntityManagerFactory for persistence unit 'default'
2017-02-24 22:51:00.744  INFO 12376 --- [main] o.hibernate.jpa.internal.util.LogHelper  : HHH000204: Processing PersistenceUnitInfo [
	name: default
	...]
2017-02-24 22:51:00.854  INFO 12376 --- [main] org.hibernate.Version                    : HHH000412: Hibernate Core {5.0.11.Final}
2017-02-24 22:51:00.856  INFO 12376 --- [main] org.hibernate.cfg.Environment            : HHH000206: hibernate.properties not found
2017-02-24 22:51:00.864  INFO 12376 --- [main] org.hibernate.cfg.Environment            : HHH000021: Bytecode provider name : javassist
2017-02-24 22:51:00.914  INFO 12376 --- [main] o.hibernate.annotations.common.Version   : HCANN000001: Hibernate Commons Annotations {5.0.1.Final}
2017-02-24 22:51:01.179  INFO 12376 --- [main] org.hibernate.dialect.Dialect            : HHH000400: Using dialect: org.hibernate.dialect.MySQLDialect
2017-02-24 22:51:01.423  WARN 12376 --- [main] ationConfigEmbeddedWebApplicationContext : Exception encountered during context initialization - cancelling refresh attempt: org.springframework.beans.factory.BeanCreationException: Error creating bean with name 'entityManagerFactory' defined in class path resource [org/springframework/boot/autoconfigure/orm/jpa/HibernateJpaAutoConfiguration.class]: Invocation of init method failed; nested exception is org.hibernate.AnnotationException: Unable to create unique key constraint (role, username) on table roles: database column 'username' not found. Make sure that you use the correct column name which depends on the naming strategy in use (it may not be the same as the property name in the entity, especially for relational types)
2017-02-24 22:51:01.430  WARN 12376 --- [main] o.s.boot.SpringApplication               : Error handling failed (Error creating bean with name 'delegatingApplicationListener' defined in class path resource [org/springframework/security/config/annotation/web/configuration/WebSecurityConfiguration.class]: BeanPostProcessor before instantiation of bean failed; nested exception is org.springframework.beans.factory.BeanCreationException: Error creating bean with name 'metaDataSourceAdvisor': Cannot resolve reference to bean 'methodSecurityMetadataSource' while setting constructor argument; nested exception is org.springframework.beans.factory.BeanCreationException: Error creating bean with name 'org.springframework.security.config.annotation.method.configuration.GlobalMethodSecurityConfiguration': Initialization of bean failed; nested exception is org.springframework.beans.factory.NoSuchBeanDefinitionException: No bean named 'org.springframework.context.annotation.ConfigurationClassPostProcessor.importRegistry' available)
2017-02-24 22:51:01.437 ERROR 12376 --- [main] o.s.boot.SpringApplication               : Application startup failed

org.springframework.beans.factory.BeanCreationException: Error creating bean with name 'entityManagerFactory' defined in class path resource [org/springframework/boot/autoconfigure/orm/jpa/HibernateJpaAutoConfiguration.class]: Invocation of init method failed; nested exception is org.hibernate.AnnotationException: Unable to create unique key constraint (role, username) on table roles: database column 'username' not found. Make sure that you use the correct column name which depends on the naming strategy in use (it may not be the same as the property name in the entity, especially for relational types)
	at org.springframework.beans.factory.support.AbstractAutowireCapableBeanFactory.initializeBean(AbstractAutowireCapableBeanFactory.java:1628) ~[spring-beans-4.3.6.RELEASE.jar:4.3.6.RELEASE]
	at org.springframework.beans.factory.support.AbstractAutowireCapableBeanFactory.doCreateBean(AbstractAutowireCapableBeanFactory.java:555) ~[spring-beans-4.3.6.RELEASE.jar:4.3.6.RELEASE]
	at org.springframework.beans.factory.support.AbstractAutowireCapableBeanFactory.createBean(AbstractAutowireCapableBeanFactory.java:483) ~[spring-beans-4.3.6.RELEASE.jar:4.3.6.RELEASE]
	at org.springframework.beans.factory.support.AbstractBeanFactory$1.getObject(AbstractBeanFactory.java:306) ~[spring-beans-4.3.6.RELEASE.jar:4.3.6.RELEASE]
	at org.springframework.beans.factory.support.DefaultSingletonBeanRegistry.getSingleton(DefaultSingletonBeanRegistry.java:230) ~[spring-beans-4.3.6.RELEASE.jar:4.3.6.RELEASE]
	at org.springframework.beans.factory.support.AbstractBeanFactory.doGetBean(AbstractBeanFactory.java:302) ~[spring-beans-4.3.6.RELEASE.jar:4.3.6.RELEASE]
	at org.springframework.beans.factory.support.AbstractBeanFactory.getBean(AbstractBeanFactory.java:197) ~[spring-beans-4.3.6.RELEASE.jar:4.3.6.RELEASE]
	at org.springframework.context.support.AbstractApplicationContext.getBean(AbstractApplicationContext.java:1081) ~[spring-context-4.3.6.RELEASE.jar:4.3.6.RELEASE]
	at org.springframework.context.support.AbstractApplicationContext.finishBeanFactoryInitialization(AbstractApplicationContext.java:856) ~[spring-context-4.3.6.RELEASE.jar:4.3.6.RELEASE]
	at org.springframework.context.support.AbstractApplicationContext.refresh(AbstractApplicationContext.java:542) ~[spring-context-4.3.6.RELEASE.jar:4.3.6.RELEASE]
	at org.springframework.boot.context.embedded.EmbeddedWebApplicationContext.refresh(EmbeddedWebApplicationContext.java:122) ~[spring-boot-1.5.1.RELEASE.jar:1.5.1.RELEASE]
	at org.springframework.boot.SpringApplication.refresh(SpringApplication.java:737) [spring-boot-1.5.1.RELEASE.jar:1.5.1.RELEASE]
	at org.springframework.boot.SpringApplication.refreshContext(SpringApplication.java:370) [spring-boot-1.5.1.RELEASE.jar:1.5.1.RELEASE]
	at org.springframework.boot.SpringApplication.run(SpringApplication.java:314) [spring-boot-1.5.1.RELEASE.jar:1.5.1.RELEASE]
	at org.springframework.boot.SpringApplication.run(SpringApplication.java:1162) [spring-boot-1.5.1.RELEASE.jar:1.5.1.RELEASE]
	at org.springframework.boot.SpringApplication.run(SpringApplication.java:1151) [spring-boot-1.5.1.RELEASE.jar:1.5.1.RELEASE]
	at com.madan.sb.config.EmployeeApiApplication.main(EmployeeApiApplication.java:14) [classes/:na]
Caused by: org.hibernate.AnnotationException: Unable to create unique key constraint (role, username) on table roles: database column 'username' not found. Make sure that you use the correct column name which depends on the naming strategy in use (it may not be the same as the property name in the entity, especially for relational types)
	at org.hibernate.boot.internal.InFlightMetadataCollectorImpl.buildUniqueKeyFromColumnNames(InFlightMetadataCollectorImpl.java:2090) ~[hibernate-core-5.0.11.Final.jar:5.0.11.Final]
	at org.hibernate.boot.internal.InFlightMetadataCollectorImpl.buildUniqueKeyFromColumnNames(InFlightMetadataCollectorImpl.java:1965) ~[hibernate-core-5.0.11.Final.jar:5.0.11.Final]
	at org.hibernate.boot.internal.InFlightMetadataCollectorImpl.processUniqueConstraintHolders(InFlightMetadataCollectorImpl.java:1953) ~[hibernate-core-5.0.11.Final.jar:5.0.11.Final]
	at org.hibernate.boot.internal.InFlightMetadataCollectorImpl.processSecondPasses(InFlightMetadataCollectorImpl.java:1629) ~[hibernate-core-5.0.11.Final.jar:5.0.11.Final]
	at org.hibernate.boot.model.process.spi.MetadataBuildingProcess.complete(MetadataBuildingProcess.java:278) ~[hibernate-core-5.0.11.Final.jar:5.0.11.Final]
	at org.hibernate.jpa.boot.internal.EntityManagerFactoryBuilderImpl.metadata(EntityManagerFactoryBuilderImpl.java:847) ~[hibernate-entitymanager-5.0.11.Final.jar:5.0.11.Final]
	at org.hibernate.jpa.boot.internal.EntityManagerFactoryBuilderImpl.build(EntityManagerFactoryBuilderImpl.java:874) ~[hibernate-entitymanager-5.0.11.Final.jar:5.0.11.Final]
	at org.springframework.orm.jpa.vendor.SpringHibernateJpaPersistenceProvider.createContainerEntityManagerFactory(SpringHibernateJpaPersistenceProvider.java:60) ~[spring-orm-4.3.6.RELEASE.jar:4.3.6.RELEASE]
	at org.springframework.orm.jpa.LocalContainerEntityManagerFactoryBean.createNativeEntityManagerFactory(LocalContainerEntityManagerFactoryBean.java:353) ~[spring-orm-4.3.6.RELEASE.jar:4.3.6.RELEASE]
	at org.springframework.orm.jpa.AbstractEntityManagerFactoryBean.buildNativeEntityManagerFactory(AbstractEntityManagerFactoryBean.java:373) ~[spring-orm-4.3.6.RELEASE.jar:4.3.6.RELEASE]
	at org.springframework.orm.jpa.AbstractEntityManagerFactoryBean.afterPropertiesSet(AbstractEntityManagerFactoryBean.java:362) ~[spring-orm-4.3.6.RELEASE.jar:4.3.6.RELEASE]
	at org.springframework.beans.factory.support.AbstractAutowireCapableBeanFactory.invokeInitMethods(AbstractAutowireCapableBeanFactory.java:1687) ~[spring-beans-4.3.6.RELEASE.jar:4.3.6.RELEASE]
	at org.springframework.beans.factory.support.AbstractAutowireCapableBeanFactory.initializeBean(AbstractAutowireCapableBeanFactory.java:1624) ~[spring-beans-4.3.6.RELEASE.jar:4.3.6.RELEASE]
	... 16 common frames omitted

2017-02-24 22:51:45.922  INFO 6808 --- [main] c.m.sb.config.EmployeeApiApplication     : Starting EmployeeApiApplication on LAPTOP-OJAJF1PI with PID 6808 (C:\Users\Madan\Documents\workspace-spring\employee-api\target\classes started by Madan in C:\Users\Madan\Documents\workspace-spring\employee-api)
2017-02-24 22:51:45.928  INFO 6808 --- [main] c.m.sb.config.EmployeeApiApplication     : No active profile set, falling back to default profiles: default
2017-02-24 22:51:46.038  INFO 6808 --- [main] ationConfigEmbeddedWebApplicationContext : Refreshing org.springframework.boot.context.embedded.AnnotationConfigEmbeddedWebApplicationContext@473b46c3: startup date [Fri Feb 24 22:51:46 CST 2017]; root of context hierarchy
2017-02-24 22:51:47.826  INFO 6808 --- [main] trationDelegate$BeanPostProcessorChecker : Bean 'org.springframework.boot.autoconfigure.validation.ValidationAutoConfiguration' of type [class org.springframework.boot.autoconfigure.validation.ValidationAutoConfiguration] is not eligible for getting processed by all BeanPostProcessors (for example: not eligible for auto-proxying)
2017-02-24 22:51:47.958  INFO 6808 --- [main] trationDelegate$BeanPostProcessorChecker : Bean 'validator' of type [class org.springframework.validation.beanvalidation.LocalValidatorFactoryBean] is not eligible for getting processed by all BeanPostProcessors (for example: not eligible for auto-proxying)
2017-02-24 22:51:48.017  INFO 6808 --- [main] trationDelegate$BeanPostProcessorChecker : Bean 'org.springframework.transaction.annotation.ProxyTransactionManagementConfiguration' of type [class org.springframework.transaction.annotation.ProxyTransactionManagementConfiguration$$EnhancerBySpringCGLIB$$b4490967] is not eligible for getting processed by all BeanPostProcessors (for example: not eligible for auto-proxying)
2017-02-24 22:51:48.112  INFO 6808 --- [main] trationDelegate$BeanPostProcessorChecker : Bean 'org.springframework.security.config.annotation.configuration.ObjectPostProcessorConfiguration' of type [class org.springframework.security.config.annotation.configuration.ObjectPostProcessorConfiguration$$EnhancerBySpringCGLIB$$4cf6d1a1] is not eligible for getting processed by all BeanPostProcessors (for example: not eligible for auto-proxying)
2017-02-24 22:51:48.125  INFO 6808 --- [main] trationDelegate$BeanPostProcessorChecker : Bean 'objectPostProcessor' of type [class org.springframework.security.config.annotation.configuration.AutowireBeanFactoryObjectPostProcessor] is not eligible for getting processed by all BeanPostProcessors (for example: not eligible for auto-proxying)
2017-02-24 22:51:48.132  INFO 6808 --- [main] trationDelegate$BeanPostProcessorChecker : Bean 'org.springframework.security.access.expression.method.DefaultMethodSecurityExpressionHandler@16afbd92' of type [class org.springframework.security.access.expression.method.DefaultMethodSecurityExpressionHandler] is not eligible for getting processed by all BeanPostProcessors (for example: not eligible for auto-proxying)
2017-02-24 22:51:48.139  INFO 6808 --- [main] trationDelegate$BeanPostProcessorChecker : Bean 'org.springframework.security.config.annotation.method.configuration.GlobalMethodSecurityConfiguration' of type [class org.springframework.security.config.annotation.method.configuration.GlobalMethodSecurityConfiguration$$EnhancerBySpringCGLIB$$71cb7453] is not eligible for getting processed by all BeanPostProcessors (for example: not eligible for auto-proxying)
2017-02-24 22:51:48.169  INFO 6808 --- [main] trationDelegate$BeanPostProcessorChecker : Bean 'methodSecurityMetadataSource' of type [class org.springframework.security.access.method.DelegatingMethodSecurityMetadataSource] is not eligible for getting processed by all BeanPostProcessors (for example: not eligible for auto-proxying)
2017-02-24 22:51:48.777  INFO 6808 --- [main] s.b.c.e.t.TomcatEmbeddedServletContainer : Tomcat initialized with port(s): 9090 (http)
2017-02-24 22:51:48.802  INFO 6808 --- [main] o.apache.catalina.core.StandardService   : Starting service Tomcat
2017-02-24 22:51:48.804  INFO 6808 --- [main] org.apache.catalina.core.StandardEngine  : Starting Servlet Engine: Apache Tomcat/8.5.11
2017-02-24 22:51:48.950  INFO 6808 --- [localhost-startStop-1] o.a.c.c.C.[.[localhost].[/employee-api]  : Initializing Spring embedded WebApplicationContext
2017-02-24 22:51:48.951  INFO 6808 --- [localhost-startStop-1] o.s.web.context.ContextLoader            : Root WebApplicationContext: initialization completed in 2917 ms
2017-02-24 22:51:49.287  INFO 6808 --- [localhost-startStop-1] o.s.b.w.servlet.FilterRegistrationBean   : Mapping filter: 'characterEncodingFilter' to: [/*]
2017-02-24 22:51:49.288  INFO 6808 --- [localhost-startStop-1] o.s.b.w.servlet.FilterRegistrationBean   : Mapping filter: 'hiddenHttpMethodFilter' to: [/*]
2017-02-24 22:51:49.288  INFO 6808 --- [localhost-startStop-1] o.s.b.w.servlet.FilterRegistrationBean   : Mapping filter: 'httpPutFormContentFilter' to: [/*]
2017-02-24 22:51:49.289  INFO 6808 --- [localhost-startStop-1] o.s.b.w.servlet.FilterRegistrationBean   : Mapping filter: 'requestContextFilter' to: [/*]
2017-02-24 22:51:49.297  INFO 6808 --- [localhost-startStop-1] .s.DelegatingFilterProxyRegistrationBean : Mapping filter: 'springSecurityFilterChain' to: [/*]
2017-02-24 22:51:49.297  INFO 6808 --- [localhost-startStop-1] o.s.b.w.servlet.ServletRegistrationBean  : Mapping servlet: 'dispatcherServlet' to [/]
2017-02-24 22:51:50.141  INFO 6808 --- [main] j.LocalContainerEntityManagerFactoryBean : Building JPA container EntityManagerFactory for persistence unit 'default'
2017-02-24 22:51:50.170  INFO 6808 --- [main] o.hibernate.jpa.internal.util.LogHelper  : HHH000204: Processing PersistenceUnitInfo [
	name: default
	...]
2017-02-24 22:51:50.290  INFO 6808 --- [main] org.hibernate.Version                    : HHH000412: Hibernate Core {5.0.11.Final}
2017-02-24 22:51:50.293  INFO 6808 --- [main] org.hibernate.cfg.Environment            : HHH000206: hibernate.properties not found
2017-02-24 22:51:50.301  INFO 6808 --- [main] org.hibernate.cfg.Environment            : HHH000021: Bytecode provider name : javassist
2017-02-24 22:51:50.370  INFO 6808 --- [main] o.hibernate.annotations.common.Version   : HCANN000001: Hibernate Commons Annotations {5.0.1.Final}
2017-02-24 22:51:50.671  INFO 6808 --- [main] org.hibernate.dialect.Dialect            : HHH000400: Using dialect: org.hibernate.dialect.MySQLDialect
2017-02-24 22:51:51.266  INFO 6808 --- [main] org.hibernate.tool.hbm2ddl.SchemaUpdate  : HHH000228: Running hbm2ddl schema update
2017-02-24 22:51:51.728  INFO 6808 --- [main] j.LocalContainerEntityManagerFactoryBean : Initialized JPA EntityManagerFactory for persistence unit 'default'
2017-02-24 22:51:52.896  INFO 6808 --- [main] s.w.s.m.m.a.RequestMappingHandlerAdapter : Looking for @ControllerAdvice: org.springframework.boot.context.embedded.AnnotationConfigEmbeddedWebApplicationContext@473b46c3: startup date [Fri Feb 24 22:51:46 CST 2017]; root of context hierarchy
2017-02-24 22:51:53.043  INFO 6808 --- [main] s.w.s.m.m.a.RequestMappingHandlerMapping : Mapped "{[/test],methods=[GET]}" onto public java.lang.String com.madan.sb.controller.EmployeeController.test()
2017-02-24 22:51:53.049  INFO 6808 --- [main] s.w.s.m.m.a.RequestMappingHandlerMapping : Mapped "{[/delete/{id}],methods=[DELETE]}" onto public void com.madan.sb.controller.EmployeeController.deleteEmployee(java.lang.Integer)
2017-02-24 22:51:53.056  INFO 6808 --- [main] s.w.s.m.m.a.RequestMappingHandlerMapping : Mapped "{[/findbylastname/{lastName}],methods=[GET]}" onto public java.util.List<com.madan.sb.domain.Employee> com.madan.sb.controller.EmployeeController.findByLastName(java.lang.String)
2017-02-24 22:51:53.057  INFO 6808 --- [main] s.w.s.m.m.a.RequestMappingHandlerMapping : Mapped "{[/findall],methods=[GET]}" onto public java.util.List<com.madan.sb.domain.Employee> com.madan.sb.controller.EmployeeController.findEmployee()
2017-02-24 22:51:53.064  INFO 6808 --- [main] s.w.s.m.m.a.RequestMappingHandlerMapping : Mapped "{[/save],methods=[POST]}" onto public void com.madan.sb.controller.EmployeeController.saveEmployee(com.madan.sb.domain.Employee)
2017-02-24 22:51:53.065  INFO 6808 --- [main] s.w.s.m.m.a.RequestMappingHandlerMapping : Mapped "{[/find/{id}],methods=[GET]}" onto public com.madan.sb.domain.Employee com.madan.sb.controller.EmployeeController.findOneEmployee(java.lang.Integer)
2017-02-24 22:51:53.066  INFO 6808 --- [main] s.w.s.m.m.a.RequestMappingHandlerMapping : Mapped "{[/update],methods=[PUT]}" onto public void com.madan.sb.controller.EmployeeController.updateEmployee(com.madan.sb.domain.Employee)
2017-02-24 22:51:53.069  INFO 6808 --- [main] s.w.s.m.m.a.RequestMappingHandlerMapping : Mapped "{[/error]}" onto public org.springframework.http.ResponseEntity<java.util.Map<java.lang.String, java.lang.Object>> org.springframework.boot.autoconfigure.web.BasicErrorController.error(javax.servlet.http.HttpServletRequest)
2017-02-24 22:51:53.076  INFO 6808 --- [main] s.w.s.m.m.a.RequestMappingHandlerMapping : Mapped "{[/error],produces=[text/html]}" onto public org.springframework.web.servlet.ModelAndView org.springframework.boot.autoconfigure.web.BasicErrorController.errorHtml(javax.servlet.http.HttpServletRequest,javax.servlet.http.HttpServletResponse)
2017-02-24 22:51:53.173  INFO 6808 --- [main] o.s.w.s.handler.SimpleUrlHandlerMapping  : Mapped URL path [/webjars/**] onto handler of type [class org.springframework.web.servlet.resource.ResourceHttpRequestHandler]
2017-02-24 22:51:53.175  INFO 6808 --- [main] o.s.w.s.handler.SimpleUrlHandlerMapping  : Mapped URL path [/**] onto handler of type [class org.springframework.web.servlet.resource.ResourceHttpRequestHandler]
2017-02-24 22:51:53.267  INFO 6808 --- [main] o.s.w.s.handler.SimpleUrlHandlerMapping  : Mapped URL path [/**/favicon.ico] onto handler of type [class org.springframework.web.servlet.resource.ResourceHttpRequestHandler]
2017-02-24 22:51:53.688  INFO 6808 --- [main] b.a.s.AuthenticationManagerConfiguration : 

Using default security password: 2fddbbff-0afa-483d-b9f1-cf0c83aa95be

2017-02-24 22:51:53.697  INFO 6808 --- [main] o.s.s.web.DefaultSecurityFilterChain     : Creating filter chain: OrRequestMatcher [requestMatchers=[Ant [pattern='/css/**'], Ant [pattern='/js/**'], Ant [pattern='/images/**'], Ant [pattern='/webjars/**'], Ant [pattern='/**/favicon.ico'], Ant [pattern='/error']]], []
2017-02-24 22:51:53.817  INFO 6808 --- [main] o.s.s.web.DefaultSecurityFilterChain     : Creating filter chain: org.springframework.security.web.util.matcher.AnyRequestMatcher@1, [org.springframework.security.web.context.request.async.WebAsyncManagerIntegrationFilter@7f42b194, org.springframework.security.web.context.SecurityContextPersistenceFilter@5d7f8467, org.springframework.security.web.header.HeaderWriterFilter@45287377, org.springframework.security.web.authentication.logout.LogoutFilter@4bce62b, org.springframework.security.web.authentication.www.BasicAuthenticationFilter@661e1399, org.springframework.security.web.savedrequest.RequestCacheAwareFilter@7caf1e5, org.springframework.security.web.servletapi.SecurityContextHolderAwareRequestFilter@5d9d2119, org.springframework.security.web.authentication.AnonymousAuthenticationFilter@8eb6f9a, org.springframework.security.web.session.SessionManagementFilter@4e17442f, org.springframework.security.web.access.ExceptionTranslationFilter@1894fa9f, org.springframework.security.web.access.intercept.FilterSecurityInterceptor@7de147e9]
2017-02-24 22:51:53.828  INFO 6808 --- [main] o.s.s.web.DefaultSecurityFilterChain     : Creating filter chain: OrRequestMatcher [requestMatchers=[Ant [pattern='/**']]], [org.springframework.security.web.context.request.async.WebAsyncManagerIntegrationFilter@781dbe44, org.springframework.security.web.context.SecurityContextPersistenceFilter@1b17d8ab, org.springframework.security.web.header.HeaderWriterFilter@712cd5d3, org.springframework.security.web.authentication.logout.LogoutFilter@6d969330, org.springframework.security.web.authentication.www.BasicAuthenticationFilter@4861cca9, org.springframework.security.web.savedrequest.RequestCacheAwareFilter@7f6b7426, org.springframework.security.web.servletapi.SecurityContextHolderAwareRequestFilter@687eb455, org.springframework.security.web.authentication.AnonymousAuthenticationFilter@7d66a126, org.springframework.security.web.session.SessionManagementFilter@2094bf3d, org.springframework.security.web.access.ExceptionTranslationFilter@57a667c8, org.springframework.security.web.access.intercept.FilterSecurityInterceptor@6eda012b]
2017-02-24 22:51:53.999  INFO 6808 --- [main] o.s.j.e.a.AnnotationMBeanExporter        : Registering beans for JMX exposure on startup
2017-02-24 22:51:54.085  INFO 6808 --- [main] s.b.c.e.t.TomcatEmbeddedServletContainer : Tomcat started on port(s): 9090 (http)
2017-02-24 22:51:54.090  INFO 6808 --- [main] c.m.sb.config.EmployeeApiApplication     : Started EmployeeApiApplication in 8.616 seconds (JVM running for 9.108)
2017-02-24 22:52:07.416  INFO 6808 --- [http-nio-9090-exec-1] o.a.c.c.C.[.[localhost].[/employee-api]  : Initializing Spring FrameworkServlet 'dispatcherServlet'
2017-02-24 22:52:07.421  INFO 6808 --- [http-nio-9090-exec-1] o.s.web.servlet.DispatcherServlet        : FrameworkServlet 'dispatcherServlet': initialization started
2017-02-24 22:52:07.452  INFO 6808 --- [http-nio-9090-exec-1] o.s.web.servlet.DispatcherServlet        : FrameworkServlet 'dispatcherServlet': initialization completed in 31 ms
2017-02-24 22:52:07.590  INFO 6808 --- [http-nio-9090-exec-1] c.m.sb.controller.EmployeeController     : --------------> Inside findEmployee() method 
2017-02-24 22:52:07.630  INFO 6808 --- [http-nio-9090-exec-1] o.h.h.i.QueryTranslatorFactoryInitiator  : HHH000397: Using ASTQueryTranslatorFactory
2017-02-24 22:54:48.715  INFO 19116 --- [main] c.m.sb.config.EmployeeApiApplication     : Starting EmployeeApiApplication on LAPTOP-OJAJF1PI with PID 19116 (C:\Users\Madan\Documents\workspace-spring\employee-api\target\classes started by Madan in C:\Users\Madan\Documents\workspace-spring\employee-api)
2017-02-24 22:54:48.719  INFO 19116 --- [main] c.m.sb.config.EmployeeApiApplication     : No active profile set, falling back to default profiles: default
2017-02-24 22:54:48.822  INFO 19116 --- [main] ationConfigEmbeddedWebApplicationContext : Refreshing org.springframework.boot.context.embedded.AnnotationConfigEmbeddedWebApplicationContext@473b46c3: startup date [Fri Feb 24 22:54:48 CST 2017]; root of context hierarchy
2017-02-24 22:54:50.673  INFO 19116 --- [main] trationDelegate$BeanPostProcessorChecker : Bean 'org.springframework.boot.autoconfigure.validation.ValidationAutoConfiguration' of type [class org.springframework.boot.autoconfigure.validation.ValidationAutoConfiguration] is not eligible for getting processed by all BeanPostProcessors (for example: not eligible for auto-proxying)
2017-02-24 22:54:50.784  INFO 19116 --- [main] trationDelegate$BeanPostProcessorChecker : Bean 'validator' of type [class org.springframework.validation.beanvalidation.LocalValidatorFactoryBean] is not eligible for getting processed by all BeanPostProcessors (for example: not eligible for auto-proxying)
2017-02-24 22:54:50.857  INFO 19116 --- [main] trationDelegate$BeanPostProcessorChecker : Bean 'org.springframework.transaction.annotation.ProxyTransactionManagementConfiguration' of type [class org.springframework.transaction.annotation.ProxyTransactionManagementConfiguration$$EnhancerBySpringCGLIB$$4e6def9c] is not eligible for getting processed by all BeanPostProcessors (for example: not eligible for auto-proxying)
2017-02-24 22:54:50.948  INFO 19116 --- [main] trationDelegate$BeanPostProcessorChecker : Bean 'org.springframework.security.config.annotation.configuration.ObjectPostProcessorConfiguration' of type [class org.springframework.security.config.annotation.configuration.ObjectPostProcessorConfiguration$$EnhancerBySpringCGLIB$$e71bb7d6] is not eligible for getting processed by all BeanPostProcessors (for example: not eligible for auto-proxying)
2017-02-24 22:54:50.963  INFO 19116 --- [main] trationDelegate$BeanPostProcessorChecker : Bean 'objectPostProcessor' of type [class org.springframework.security.config.annotation.configuration.AutowireBeanFactoryObjectPostProcessor] is not eligible for getting processed by all BeanPostProcessors (for example: not eligible for auto-proxying)
2017-02-24 22:54:50.972  INFO 19116 --- [main] trationDelegate$BeanPostProcessorChecker : Bean 'org.springframework.security.access.expression.method.DefaultMethodSecurityExpressionHandler@1a6f2363' of type [class org.springframework.security.access.expression.method.DefaultMethodSecurityExpressionHandler] is not eligible for getting processed by all BeanPostProcessors (for example: not eligible for auto-proxying)
2017-02-24 22:54:50.985  INFO 19116 --- [main] trationDelegate$BeanPostProcessorChecker : Bean 'org.springframework.security.config.annotation.method.configuration.GlobalMethodSecurityConfiguration' of type [class org.springframework.security.config.annotation.method.configuration.GlobalMethodSecurityConfiguration$$EnhancerBySpringCGLIB$$bf05a88] is not eligible for getting processed by all BeanPostProcessors (for example: not eligible for auto-proxying)
2017-02-24 22:54:51.017  INFO 19116 --- [main] trationDelegate$BeanPostProcessorChecker : Bean 'methodSecurityMetadataSource' of type [class org.springframework.security.access.method.DelegatingMethodSecurityMetadataSource] is not eligible for getting processed by all BeanPostProcessors (for example: not eligible for auto-proxying)
2017-02-24 22:54:51.659  INFO 19116 --- [main] s.b.c.e.t.TomcatEmbeddedServletContainer : Tomcat initialized with port(s): 9090 (http)
2017-02-24 22:54:51.679  INFO 19116 --- [main] o.apache.catalina.core.StandardService   : Starting service Tomcat
2017-02-24 22:54:51.681  INFO 19116 --- [main] org.apache.catalina.core.StandardEngine  : Starting Servlet Engine: Apache Tomcat/8.5.11
2017-02-24 22:54:51.819  INFO 19116 --- [localhost-startStop-1] o.a.c.c.C.[.[localhost].[/employee-api]  : Initializing Spring embedded WebApplicationContext
2017-02-24 22:54:51.821  INFO 19116 --- [localhost-startStop-1] o.s.web.context.ContextLoader            : Root WebApplicationContext: initialization completed in 3002 ms
2017-02-24 22:54:52.171  INFO 19116 --- [localhost-startStop-1] o.s.b.w.servlet.FilterRegistrationBean   : Mapping filter: 'characterEncodingFilter' to: [/*]
2017-02-24 22:54:52.172  INFO 19116 --- [localhost-startStop-1] o.s.b.w.servlet.FilterRegistrationBean   : Mapping filter: 'hiddenHttpMethodFilter' to: [/*]
2017-02-24 22:54:52.173  INFO 19116 --- [localhost-startStop-1] o.s.b.w.servlet.FilterRegistrationBean   : Mapping filter: 'httpPutFormContentFilter' to: [/*]
2017-02-24 22:54:52.173  INFO 19116 --- [localhost-startStop-1] o.s.b.w.servlet.FilterRegistrationBean   : Mapping filter: 'requestContextFilter' to: [/*]
2017-02-24 22:54:52.182  INFO 19116 --- [localhost-startStop-1] .s.DelegatingFilterProxyRegistrationBean : Mapping filter: 'springSecurityFilterChain' to: [/*]
2017-02-24 22:54:52.182  INFO 19116 --- [localhost-startStop-1] o.s.b.w.servlet.ServletRegistrationBean  : Mapping servlet: 'dispatcherServlet' to [/]
2017-02-24 22:54:53.026  INFO 19116 --- [main] j.LocalContainerEntityManagerFactoryBean : Building JPA container EntityManagerFactory for persistence unit 'default'
2017-02-24 22:54:53.066  INFO 19116 --- [main] o.hibernate.jpa.internal.util.LogHelper  : HHH000204: Processing PersistenceUnitInfo [
	name: default
	...]
2017-02-24 22:54:53.182  INFO 19116 --- [main] org.hibernate.Version                    : HHH000412: Hibernate Core {5.0.11.Final}
2017-02-24 22:54:53.185  INFO 19116 --- [main] org.hibernate.cfg.Environment            : HHH000206: hibernate.properties not found
2017-02-24 22:54:53.196  INFO 19116 --- [main] org.hibernate.cfg.Environment            : HHH000021: Bytecode provider name : javassist
2017-02-24 22:54:53.267  INFO 19116 --- [main] o.hibernate.annotations.common.Version   : HCANN000001: Hibernate Commons Annotations {5.0.1.Final}
2017-02-24 22:54:53.526  INFO 19116 --- [main] org.hibernate.dialect.Dialect            : HHH000400: Using dialect: org.hibernate.dialect.MySQLDialect
2017-02-24 22:54:54.135  INFO 19116 --- [main] org.hibernate.tool.hbm2ddl.SchemaUpdate  : HHH000228: Running hbm2ddl schema update
2017-02-24 22:54:54.155  INFO 19116 --- [main] rmationExtractorJdbcDatabaseMetaDataImpl : HHH000262: Table not found: employee
2017-02-24 22:54:54.161  INFO 19116 --- [main] rmationExtractorJdbcDatabaseMetaDataImpl : HHH000262: Table not found: employee
2017-02-24 22:54:54.202  INFO 19116 --- [main] rmationExtractorJdbcDatabaseMetaDataImpl : HHH000262: Table not found: roles
2017-02-24 22:54:54.204  INFO 19116 --- [main] rmationExtractorJdbcDatabaseMetaDataImpl : HHH000262: Table not found: roles
2017-02-24 22:54:54.232  INFO 19116 --- [main] rmationExtractorJdbcDatabaseMetaDataImpl : HHH000262: Table not found: user
2017-02-24 22:54:54.233  INFO 19116 --- [main] rmationExtractorJdbcDatabaseMetaDataImpl : HHH000262: Table not found: user
2017-02-24 22:54:54.456  INFO 19116 --- [main] j.LocalContainerEntityManagerFactoryBean : Initialized JPA EntityManagerFactory for persistence unit 'default'
2017-02-24 22:54:55.574  INFO 19116 --- [main] s.w.s.m.m.a.RequestMappingHandlerAdapter : Looking for @ControllerAdvice: org.springframework.boot.context.embedded.AnnotationConfigEmbeddedWebApplicationContext@473b46c3: startup date [Fri Feb 24 22:54:48 CST 2017]; root of context hierarchy
2017-02-24 22:54:55.718  INFO 19116 --- [main] s.w.s.m.m.a.RequestMappingHandlerMapping : Mapped "{[/test],methods=[GET]}" onto public java.lang.String com.madan.sb.controller.EmployeeController.test()
2017-02-24 22:54:55.720  INFO 19116 --- [main] s.w.s.m.m.a.RequestMappingHandlerMapping : Mapped "{[/delete/{id}],methods=[DELETE]}" onto public void com.madan.sb.controller.EmployeeController.deleteEmployee(java.lang.Integer)
2017-02-24 22:54:55.725  INFO 19116 --- [main] s.w.s.m.m.a.RequestMappingHandlerMapping : Mapped "{[/findbylastname/{lastName}],methods=[GET]}" onto public java.util.List<com.madan.sb.domain.Employee> com.madan.sb.controller.EmployeeController.findByLastName(java.lang.String)
2017-02-24 22:54:55.725  INFO 19116 --- [main] s.w.s.m.m.a.RequestMappingHandlerMapping : Mapped "{[/update],methods=[PUT]}" onto public void com.madan.sb.controller.EmployeeController.updateEmployee(com.madan.sb.domain.Employee)
2017-02-24 22:54:55.732  INFO 19116 --- [main] s.w.s.m.m.a.RequestMappingHandlerMapping : Mapped "{[/save],methods=[POST]}" onto public void com.madan.sb.controller.EmployeeController.saveEmployee(com.madan.sb.domain.Employee)
2017-02-24 22:54:55.733  INFO 19116 --- [main] s.w.s.m.m.a.RequestMappingHandlerMapping : Mapped "{[/findall],methods=[GET]}" onto public java.util.List<com.madan.sb.domain.Employee> com.madan.sb.controller.EmployeeController.findEmployee()
2017-02-24 22:54:55.740  INFO 19116 --- [main] s.w.s.m.m.a.RequestMappingHandlerMapping : Mapped "{[/find/{id}],methods=[GET]}" onto public com.madan.sb.domain.Employee com.madan.sb.controller.EmployeeController.findOneEmployee(java.lang.Integer)
2017-02-24 22:54:55.743  INFO 19116 --- [main] s.w.s.m.m.a.RequestMappingHandlerMapping : Mapped "{[/error]}" onto public org.springframework.http.ResponseEntity<java.util.Map<java.lang.String, java.lang.Object>> org.springframework.boot.autoconfigure.web.BasicErrorController.error(javax.servlet.http.HttpServletRequest)
2017-02-24 22:54:55.744  INFO 19116 --- [main] s.w.s.m.m.a.RequestMappingHandlerMapping : Mapped "{[/error],produces=[text/html]}" onto public org.springframework.web.servlet.ModelAndView org.springframework.boot.autoconfigure.web.BasicErrorController.errorHtml(javax.servlet.http.HttpServletRequest,javax.servlet.http.HttpServletResponse)
2017-02-24 22:54:55.824  INFO 19116 --- [main] o.s.w.s.handler.SimpleUrlHandlerMapping  : Mapped URL path [/webjars/**] onto handler of type [class org.springframework.web.servlet.resource.ResourceHttpRequestHandler]
2017-02-24 22:54:55.829  INFO 19116 --- [main] o.s.w.s.handler.SimpleUrlHandlerMapping  : Mapped URL path [/**] onto handler of type [class org.springframework.web.servlet.resource.ResourceHttpRequestHandler]
2017-02-24 22:54:55.916  INFO 19116 --- [main] o.s.w.s.handler.SimpleUrlHandlerMapping  : Mapped URL path [/**/favicon.ico] onto handler of type [class org.springframework.web.servlet.resource.ResourceHttpRequestHandler]
2017-02-24 22:54:56.332  INFO 19116 --- [main] b.a.s.AuthenticationManagerConfiguration : 

Using default security password: 245b717b-8720-44eb-bdf7-95eeb0a24fdc

2017-02-24 22:54:56.342  INFO 19116 --- [main] o.s.s.web.DefaultSecurityFilterChain     : Creating filter chain: OrRequestMatcher [requestMatchers=[Ant [pattern='/css/**'], Ant [pattern='/js/**'], Ant [pattern='/images/**'], Ant [pattern='/webjars/**'], Ant [pattern='/**/favicon.ico'], Ant [pattern='/error']]], []
2017-02-24 22:54:56.477  INFO 19116 --- [main] o.s.s.web.DefaultSecurityFilterChain     : Creating filter chain: org.springframework.security.web.util.matcher.AnyRequestMatcher@1, [org.springframework.security.web.context.request.async.WebAsyncManagerIntegrationFilter@274fdea6, org.springframework.security.web.context.SecurityContextPersistenceFilter@514377fc, org.springframework.security.web.header.HeaderWriterFilter@46612bfc, org.springframework.security.web.authentication.logout.LogoutFilter@1a88c4f5, org.springframework.security.web.authentication.www.BasicAuthenticationFilter@33d230ce, org.springframework.security.web.savedrequest.RequestCacheAwareFilter@7b5021d1, org.springframework.security.web.servletapi.SecurityContextHolderAwareRequestFilter@7af1d072, org.springframework.security.web.authentication.AnonymousAuthenticationFilter@74c121d4, org.springframework.security.web.session.SessionManagementFilter@28daf506, org.springframework.security.web.access.ExceptionTranslationFilter@3a109ff7, org.springframework.security.web.access.intercept.FilterSecurityInterceptor@15a8cebd]
2017-02-24 22:54:56.487  INFO 19116 --- [main] o.s.s.web.DefaultSecurityFilterChain     : Creating filter chain: OrRequestMatcher [requestMatchers=[Ant [pattern='/**']]], [org.springframework.security.web.context.request.async.WebAsyncManagerIntegrationFilter@54895681, org.springframework.security.web.context.SecurityContextPersistenceFilter@1510b9a2, org.springframework.security.web.header.HeaderWriterFilter@482ba4b1, org.springframework.security.web.authentication.logout.LogoutFilter@4bcdd11, org.springframework.security.web.authentication.www.BasicAuthenticationFilter@1471b98d, org.springframework.security.web.savedrequest.RequestCacheAwareFilter@76a6f045, org.springframework.security.web.servletapi.SecurityContextHolderAwareRequestFilter@633ddc0c, org.springframework.security.web.authentication.AnonymousAuthenticationFilter@2dd0a0d0, org.springframework.security.web.session.SessionManagementFilter@307af381, org.springframework.security.web.access.ExceptionTranslationFilter@59e7564b, org.springframework.security.web.access.intercept.FilterSecurityInterceptor@23564dd2]
2017-02-24 22:54:56.654  INFO 19116 --- [main] o.s.j.e.a.AnnotationMBeanExporter        : Registering beans for JMX exposure on startup
2017-02-24 22:54:56.733  INFO 19116 --- [main] s.b.c.e.t.TomcatEmbeddedServletContainer : Tomcat started on port(s): 9090 (http)
2017-02-24 22:54:56.744  INFO 19116 --- [main] c.m.sb.config.EmployeeApiApplication     : Started EmployeeApiApplication in 8.485 seconds (JVM running for 9.004)
